22:02:11.438 Api Request Received: messageType:GetStepValueRequest messageId:63651823331425 stepValueRequest:<stepText:"Vowels in English language are <vowelString>." > 
22:02:11.439 Sending API response: messageType:GetStepValueResponse messageId:63651823331425 stepValueResponse:<stepValue:<stepValue:"Vowels in English language are {}." parameterizedStepValue:"Vowels in English language are <vowelString>." parameters:"vowelString" > > 
22:02:11.467 Api Request Received: messageType:GetStepValueRequest messageId:63651823331467 stepValueRequest:<stepText:"The word <word> has <expectedCount> vowels." > 
22:02:11.467 Sending API response: messageType:GetStepValueResponse messageId:63651823331467 stepValueResponse:<stepValue:<stepValue:"The word {} has {} vowels." parameterizedStepValue:"The word <word> has <expectedCount> vowels." parameters:"word" parameters:"expectedCount" > > 
22:02:11.468 Api Request Received: messageType:GetStepValueRequest messageId:63651823331468 stepValueRequest:<stepText:"Almost all words have vowels <wordsTable>" > 
22:02:11.468 Sending API response: messageType:GetStepValueResponse messageId:63651823331468 stepValueResponse:<stepValue:<stepValue:"Almost all words have vowels {}" parameterizedStepValue:"Almost all words have vowels <wordsTable>" parameters:"wordsTable" > > 
22:02:33.456 Api Request Received: messageType:GetStepValueRequest messageId:63651823353435 stepValueRequest:<stepText:"Vowels in English language are <vowelString>." > 
22:02:33.458 Sending API response: messageType:GetStepValueResponse messageId:63651823353435 stepValueResponse:<stepValue:<stepValue:"Vowels in English language are {}." parameterizedStepValue:"Vowels in English language are <vowelString>." parameters:"vowelString" > > 
22:02:33.484 Api Request Received: messageType:GetStepValueRequest messageId:63651823353484 stepValueRequest:<stepText:"The word <word> has <expectedCount> vowels." > 
22:02:33.484 Sending API response: messageType:GetStepValueResponse messageId:63651823353484 stepValueResponse:<stepValue:<stepValue:"The word {} has {} vowels." parameterizedStepValue:"The word <word> has <expectedCount> vowels." parameters:"word" parameters:"expectedCount" > > 
22:02:33.485 Api Request Received: messageType:GetStepValueRequest messageId:63651823353485 stepValueRequest:<stepText:"Almost all words have vowels <wordsTable>" > 
22:02:33.485 Sending API response: messageType:GetStepValueResponse messageId:63651823353485 stepValueResponse:<stepValue:<stepValue:"Almost all words have vowels {}" parameterizedStepValue:"Almost all words have vowels <wordsTable>" parameters:"wordsTable" > > 
22:04:37.038 Api Request Received: messageType:GetStepValueRequest messageId:63651823477024 stepValueRequest:<stepText:"Vowels in English language are <vowelString>." > 
22:04:37.039 Sending API response: messageType:GetStepValueResponse messageId:63651823477024 stepValueResponse:<stepValue:<stepValue:"Vowels in English language are {}." parameterizedStepValue:"Vowels in English language are <vowelString>." parameters:"vowelString" > > 
22:04:37.064 Api Request Received: messageType:GetStepValueRequest messageId:63651823477065 stepValueRequest:<stepText:"The word <word> has <expectedCount> vowels." > 
22:04:37.064 Sending API response: messageType:GetStepValueResponse messageId:63651823477065 stepValueResponse:<stepValue:<stepValue:"The word {} has {} vowels." parameterizedStepValue:"The word <word> has <expectedCount> vowels." parameters:"word" parameters:"expectedCount" > > 
22:04:37.064 Api Request Received: messageType:GetStepValueRequest messageId:63651823477065 stepValueRequest:<stepText:"Almost all words have vowels <wordsTable>" > 
22:04:37.064 Sending API response: messageType:GetStepValueResponse messageId:63651823477065 stepValueResponse:<stepValue:<stepValue:"Almost all words have vowels {}" parameterizedStepValue:"Almost all words have vowels <wordsTable>" parameters:"wordsTable" > > 
22:05:18.723 Watching directory: c:\Temp\netcore-template\specs
22:05:18.724 Found 1 files
22:05:18.729 Initializing concepts cache with 0 concepts
22:05:18.730 Initializing specs cache with 1 specs
22:05:18.730 Adding specs from c:\Temp\netcore-template\specs\example.spec
22:05:18.730 Initializing steps cache with 1 steps
22:05:18.730 LangServer: reading on stdin, writing on stdout
22:19:22.922 Watching directory: c:\Users\steam\projects\gauge\gauge-repository\templates\csharp_netstandard\specs
22:19:22.923 Initializing concepts cache with 0 concepts
22:19:22.923 Found 1 files
22:19:22.924 Initializing specs cache with 1 specs
22:19:22.924 Adding specs from c:\Users\steam\projects\gauge\gauge-repository\templates\csharp_netstandard\specs\example.spec
22:19:22.924 Initializing steps cache with 1 steps
22:19:22.924 LangServer: reading on stdin, writing on stdout
